<?xml version="1.0" encoding="UTF-8"?>
<testsuite xmlns:xsi="http://www.w3.org/2001/XMLSchema-instance" xsi:noNamespaceSchemaLocation="https://maven.apache.org/surefire/maven-surefire-plugin/xsd/surefire-test-report-3.0.xsd" version="3.0" name="com.mycompany.softwaredevl61.ValidatePasswordTestTest" time="0.194" tests="1" errors="0" skipped="0" failures="1">
  <properties>
    <property name="java.specification.version" value="21"/>
    <property name="sun.cpu.isalist" value="amd64"/>
    <property name="sun.jnu.encoding" value="Cp1252"/>
    <property name="java.class.path" value="C:\Users\aws.admin\OneDrive - Leeds Trinity University\Documents\NetBeansProjects\SoftwareDevL61\target\test-classes;C:\Users\aws.admin\OneDrive - Leeds Trinity University\Documents\NetBeansProjects\SoftwareDevL61\target\classes;C:\Users\aws.admin\.m2\repository\com\epam\jdi\jdi-matchers-junit\2.0.27\jdi-matchers-junit-2.0.27.jar;C:\Users\aws.admin\.m2\repository\org\junit\jupiter\junit-jupiter-engine\5.11.3\junit-jupiter-engine-5.11.3.jar;C:\Users\aws.admin\.m2\repository\org\junit\platform\junit-platform-engine\1.11.3\junit-platform-engine-1.11.3.jar;C:\Users\aws.admin\.m2\repository\org\opentest4j\opentest4j\1.3.0\opentest4j-1.3.0.jar;C:\Users\aws.admin\.m2\repository\org\junit\platform\junit-platform-commons\1.11.3\junit-platform-commons-1.11.3.jar;C:\Users\aws.admin\.m2\repository\org\junit\jupiter\junit-jupiter-api\5.11.3\junit-jupiter-api-5.11.3.jar;C:\Users\aws.admin\.m2\repository\org\apiguardian\apiguardian-api\1.1.2\apiguardian-api-1.1.2.jar;C:\Users\aws.admin\.m2\repository\com\epam\jdi\jdi-matchers\2.0.27\jdi-matchers-2.0.27.jar;C:\Users\aws.admin\.m2\repository\com\epam\jdi\tools\jdi-light-saber\2.0.39\jdi-light-saber-2.0.39.jar;C:\Users\aws.admin\.m2\repository\org\apache\commons\commons-lang3\3.17.0\commons-lang3-3.17.0.jar;"/>
    <property name="java.vm.vendor" value="Microsoft"/>
    <property name="sun.arch.data.model" value="64"/>
    <property name="user.variant" value=""/>
    <property name="java.vendor.url" value="https://www.microsoft.com"/>
    <property name="user.timezone" value="Europe/London"/>
    <property name="os.name" value="Windows Server 2022"/>
    <property name="java.vm.specification.version" value="21"/>
    <property name="user.country" value="US"/>
    <property name="sun.java.launcher" value="SUN_STANDARD"/>
    <property name="sun.boot.library.path" value="C:\Program Files\Microsoft\jdk-21.0.2.13-hotspot\bin"/>
    <property name="sun.java.command" value="C:\Users\aws.admin\AppData\Local\Temp\3\surefire8470387252601399062\surefirebooter-20241031133650272_3.jar C:\Users\aws.admin\AppData\Local\Temp\3\surefire8470387252601399062 2024-10-31T13-36-50_025-jvmRun1 surefire-20241031133650272_1tmp surefire_0-20241031133650272_2tmp"/>
    <property name="jdk.debug" value="release"/>
    <property name="test" value="com.mycompany.softwaredevl61.ValidatePasswordTestTest"/>
    <property name="surefire.test.class.path" value="C:\Users\aws.admin\OneDrive - Leeds Trinity University\Documents\NetBeansProjects\SoftwareDevL61\target\test-classes;C:\Users\aws.admin\OneDrive - Leeds Trinity University\Documents\NetBeansProjects\SoftwareDevL61\target\classes;C:\Users\aws.admin\.m2\repository\com\epam\jdi\jdi-matchers-junit\2.0.27\jdi-matchers-junit-2.0.27.jar;C:\Users\aws.admin\.m2\repository\org\junit\jupiter\junit-jupiter-engine\5.11.3\junit-jupiter-engine-5.11.3.jar;C:\Users\aws.admin\.m2\repository\org\junit\platform\junit-platform-engine\1.11.3\junit-platform-engine-1.11.3.jar;C:\Users\aws.admin\.m2\repository\org\opentest4j\opentest4j\1.3.0\opentest4j-1.3.0.jar;C:\Users\aws.admin\.m2\repository\org\junit\platform\junit-platform-commons\1.11.3\junit-platform-commons-1.11.3.jar;C:\Users\aws.admin\.m2\repository\org\junit\jupiter\junit-jupiter-api\5.11.3\junit-jupiter-api-5.11.3.jar;C:\Users\aws.admin\.m2\repository\org\apiguardian\apiguardian-api\1.1.2\apiguardian-api-1.1.2.jar;C:\Users\aws.admin\.m2\repository\com\epam\jdi\jdi-matchers\2.0.27\jdi-matchers-2.0.27.jar;C:\Users\aws.admin\.m2\repository\com\epam\jdi\tools\jdi-light-saber\2.0.39\jdi-light-saber-2.0.39.jar;C:\Users\aws.admin\.m2\repository\org\apache\commons\commons-lang3\3.17.0\commons-lang3-3.17.0.jar;"/>
    <property name="sun.cpu.endian" value="little"/>
    <property name="user.home" value="C:\Users\aws.admin"/>
    <property name="user.language" value="en"/>
    <property name="java.specification.vendor" value="Oracle Corporation"/>
    <property name="java.version.date" value="2024-01-16"/>
    <property name="java.home" value="C:\Program Files\Microsoft\jdk-21.0.2.13-hotspot"/>
    <property name="file.separator" value="\"/>
    <property name="basedir" value="C:\Users\aws.admin\OneDrive - Leeds Trinity University\Documents\NetBeansProjects\SoftwareDevL61"/>
    <property name="java.vm.compressedOopsMode" value="32-bit"/>
    <property name="line.separator" value="&#10;"/>
    <property name="java.vm.specification.vendor" value="Oracle Corporation"/>
    <property name="java.specification.name" value="Java Platform API Specification"/>
    <property name="surefire.real.class.path" value="C:\Users\aws.admin\AppData\Local\Temp\3\surefire8470387252601399062\surefirebooter-20241031133650272_3.jar"/>
    <property name="user.script" value=""/>
    <property name="sun.management.compiler" value="HotSpot 64-Bit Tiered Compilers"/>
    <property name="java.runtime.version" value="21.0.2+13-LTS"/>
    <property name="user.name" value="aws.admin"/>
    <property name="stdout.encoding" value="Cp1252"/>
    <property name="path.separator" value=";"/>
    <property name="os.version" value="10.0"/>
    <property name="java.runtime.name" value="OpenJDK Runtime Environment"/>
    <property name="file.encoding" value="UTF-8"/>
    <property name="java.vm.name" value="OpenJDK 64-Bit Server VM"/>
    <property name="java.vendor.version" value="Microsoft-8905927"/>
    <property name="maven.ext.class.path" value="C:\Program Files\NetBeans-23\netbeans\java\maven-nblib\netbeans-eventspy.jar"/>
    <property name="localRepository" value="C:\Users\aws.admin\.m2\repository"/>
    <property name="java.vendor.url.bug" value="https://github.com/microsoft/openjdk/issues"/>
    <property name="java.io.tmpdir" value="C:\Users\AWS~1.ADM\AppData\Local\Temp\3\"/>
    <property name="java.version" value="21.0.2"/>
    <property name="user.dir" value="C:\Users\aws.admin\OneDrive - Leeds Trinity University\Documents\NetBeansProjects\SoftwareDevL61"/>
    <property name="os.arch" value="amd64"/>
    <property name="java.vm.specification.name" value="Java Virtual Machine Specification"/>
    <property name="sun.os.patch.level" value=""/>
    <property name="native.encoding" value="Cp1252"/>
    <property name="java.library.path" value="C:\Program Files\Microsoft\jdk-21.0.2.13-hotspot\bin;C:\Windows\Sun\Java\bin;C:\Windows\system32;C:\Windows;C:\Users\aws.admin\AppData\Roaming\Microsoft\Windows\Start Menu\Programs\Python 3.13\Scripts;C:\Windows\system32;C:\Windows;C:\Windows\System32\Wbem;C:\Windows\System32\WindowsPowerShell\v1.0\;C:\Windows\System32\OpenSSH\;C:\Program Files\dotnet\;C:\Program Files\Docker\Docker\resources\bin;C:\Program Files\Microsoft VS Code\bin;C:\Program Files\Git\cmd;C:\Users\aws.admin\AppData\Local\Programs\Python\Launcher\;C:\Program Files\MySQL\MySQL Shell 8.0\bin\;C:\Users\aws.admin\AppData\Local\Microsoft\WindowsApps;C:\Program Files\JetBrains\PyCharm Community Edition 2023.3.5\bin;;."/>
    <property name="java.vm.info" value="mixed mode, sharing"/>
    <property name="stderr.encoding" value="Cp1252"/>
    <property name="java.vendor" value="Microsoft"/>
    <property name="java.vm.version" value="21.0.2+13-LTS"/>
    <property name="sun.io.unicode.encoding" value="UnicodeLittle"/>
    <property name="java.class.version" value="65.0"/>
  </properties>
  <testcase name="testTest" classname="com.mycompany.softwaredevl61.ValidatePasswordTestTest" time="0.068">
    <failure message="Not Implemented" type="org.opentest4j.AssertionFailedError"><![CDATA[org.opentest4j.AssertionFailedError: Not Implemented
	at org.junit.jupiter.api.AssertionUtils.fail(AssertionUtils.java:38)
	at org.junit.jupiter.api.Assertions.fail(Assertions.java:138)
	at com.mycompany.softwaredevl61.ValidatePasswordTest.test(ValidatePasswordTest.java:18)
	at com.mycompany.softwaredevl61.ValidatePasswordTestTest.testTest(ValidatePasswordTestTest.java:46)
	at java.base/java.lang.reflect.Method.invoke(Method.java:580)
	at java.base/java.util.ArrayList.forEach(ArrayList.java:1596)
	at java.base/java.util.ArrayList.forEach(ArrayList.java:1596)
]]></failure>
    <system-out><![CDATA[test
]]></system-out>
  </testcase>
</testsuite>